#-----------------------------------------------------------
# Vivado v2017.2 (64-bit)
# SW Build 1909853 on Thu Jun 15 18:39:09 MDT 2017
# IP Build 1909766 on Thu Jun 15 19:58:00 MDT 2017
# Start of session at: Fri Oct  5 12:43:12 2018
# Process ID: 28596
# Current directory: D:/ECM_workspace/ip_repo/training_lib/vivado/project_training
# Command line: vivado.exe D:\ECM_workspace\ip_repo\training_lib\vivado\project_training\project_training.xpr
# Log file: D:/ECM_workspace/ip_repo/training_lib/vivado/project_training/vivado.log
# Journal file: D:/ECM_workspace/ip_repo/training_lib/vivado/project_training\vivado.jou
#-----------------------------------------------------------
start_gui
open_project D:/ECM_workspace/ip_repo/training_lib/vivado/project_training/project_training.xpr
Scanning sources...
Finished scanning sources
INFO: [IP_Flow 19-234] Refreshing IP repositories
INFO: [IP_Flow 19-1704] No user IP repositories specified
INFO: [IP_Flow 19-2313] Loaded Vivado IP repository 'C:/Xilinx/Vivado/2017.2/data/ip'.
update_compile_order -fileset sources_1
exit
INFO: [Common 17-206] Exiting Vivado at Fri Oct  5 12:43:54 2018...
