Copyright 1986-2017 Xilinx, Inc. All Rights Reserved.
-----------------------------------------------------------------------------------------------------------------------------------
| Tool Version : Vivado v.2017.2 (win64) Build 1909853 Thu Jun 15 18:39:09 MDT 2017
| Date         : Mon Nov  6 15:38:57 2017
| Host         : KPERSM7467 running 64-bit major release  (build 9200)
| Command      : report_methodology -file circuit_ch5_1a_methodology_drc_routed.rpt -rpx circuit_ch5_1a_methodology_drc_routed.rpx
| Design       : circuit_ch5_1a
| Device       : xc7z010clg400-1
| Speed File   : -1
| Design State : Routed
-----------------------------------------------------------------------------------------------------------------------------------

Report Methodology

Table of Contents
-----------------
1. REPORT SUMMARY
2. REPORT DETAILS

1. REPORT SUMMARY
-----------------
            Netlist: netlist
          Floorplan: design_1
      Design limits: <entire design considered>
             Max violations: <unlimited>
             Violations found: 12
+-----------+----------+-------------------------------+------------+
| Rule      | Severity | Description                   | Violations |
+-----------+----------+-------------------------------+------------+
| SYNTH-10  | Warning  | Wide multiplier               | 4          |
| TIMING-18 | Warning  | Missing input or output delay | 8          |
+-----------+----------+-------------------------------+------------+

2. REPORT DETAILS
-----------------
SYNTH-10#1 Warning
Wide multiplier  
Detected multiplier at multOp of size 16x18, it is decomposed from a wide multipler into 4 DSP blocks.
Related violations: <none>

SYNTH-10#2 Warning
Wide multiplier  
Detected multiplier at multOp__0 of size 18x18, it is decomposed from a wide multipler into 4 DSP blocks.
Related violations: <none>

SYNTH-10#3 Warning
Wide multiplier  
Detected multiplier at p_reg__0 of size 16x24, it is decomposed from a wide multipler into 4 DSP blocks.
Related violations: <none>

SYNTH-10#4 Warning
Wide multiplier  
Detected multiplier at p_reg__1 of size 18x24, it is decomposed from a wide multipler into 4 DSP blocks.
Related violations: <none>

TIMING-18#1 Warning
Missing input or output delay  
An input delay is missing on buttons[0] relative to clock(s) clk_1 
Related violations: <none>

TIMING-18#2 Warning
Missing input or output delay  
An input delay is missing on buttons[1] relative to clock(s) clk_1 
Related violations: <none>

TIMING-18#3 Warning
Missing input or output delay  
An input delay is missing on buttons[2] relative to clock(s) clk_1 
Related violations: <none>

TIMING-18#4 Warning
Missing input or output delay  
An input delay is missing on buttons[3] relative to clock(s) clk_1 
Related violations: <none>

TIMING-18#5 Warning
Missing input or output delay  
An output delay is missing on leds[0] relative to clock(s) clk_1 
Related violations: <none>

TIMING-18#6 Warning
Missing input or output delay  
An output delay is missing on leds[1] relative to clock(s) clk_1 
Related violations: <none>

TIMING-18#7 Warning
Missing input or output delay  
An output delay is missing on leds[2] relative to clock(s) clk_1 
Related violations: <none>

TIMING-18#8 Warning
Missing input or output delay  
An output delay is missing on leds[3] relative to clock(s) clk_1 
Related violations: <none>


